<?xml version="1.0" encoding="UTF-8"?>
<robot generator="Robot 6.1.1 (Python 3.10.5 on win32)" generated="20231119 22:19:31.420" rpa="false" schemaversion="4">
<suite id="s1" name="Tests" source="C:\Users\Tommi\KouluKoodi\palautusrepositorio\viikko3\web-login\src\tests">
<suite id="s1-s1" name="Home" source="C:\Users\Tommi\KouluKoodi\palautusrepositorio\viikko3\web-login\src\tests\home.robot">
<kw name="Open And Configure Browser" library="resource" type="SETUP">
<kw name="Evaluate" library="BuiltIn">
<var>${options}</var>
<arg>sys.modules['selenium.webdriver'].ChromeOptions()</arg>
<arg>sys</arg>
<doc>Evaluates the given expression in Python and returns the result.</doc>
<msg timestamp="20231119 22:19:33.831" level="INFO">${options} = &lt;selenium.webdriver.chrome.options.Options object at 0x0000022D8BD94AC0&gt;</msg>
<status status="PASS" starttime="20231119 22:19:33.831" endtime="20231119 22:19:33.831"/>
</kw>
<kw name="Call Method" library="BuiltIn">
<arg>${options}</arg>
<arg>add_argument</arg>
<arg>--no-sandbox</arg>
<doc>Calls the named method of the given object with the provided arguments.</doc>
<status status="PASS" starttime="20231119 22:19:33.831" endtime="20231119 22:19:33.831"/>
</kw>
<kw name="Call Method" library="BuiltIn">
<arg>${options}</arg>
<arg>add_argument</arg>
<arg>--headless</arg>
<doc>Calls the named method of the given object with the provided arguments.</doc>
<status status="PASS" starttime="20231119 22:19:33.831" endtime="20231119 22:19:33.831"/>
</kw>
<kw name="Open Browser" library="SeleniumLibrary">
<arg>browser=chrome</arg>
<arg>options=${options}</arg>
<doc>Opens a new browser instance to the optional ``url``.</doc>
<msg timestamp="20231119 22:19:33.832" level="INFO">Opening browser 'chrome' to base url 'None'.</msg>
<status status="PASS" starttime="20231119 22:19:33.831" endtime="20231119 22:19:35.464"/>
</kw>
<kw name="Set Selenium Speed" library="SeleniumLibrary">
<arg>${DELAY}</arg>
<doc>Sets the delay that is waited after each Selenium command.</doc>
<status status="PASS" starttime="20231119 22:19:35.464" endtime="20231119 22:19:35.464"/>
</kw>
<status status="PASS" starttime="20231119 22:19:33.831" endtime="20231119 22:19:35.464"/>
</kw>
<test id="s1-s1-t1" name="Click Login Link" line="8">
<kw name="Go To Starting Page" library="resource" type="SETUP">
<kw name="Go To" library="SeleniumLibrary">
<arg>${HOME_URL}</arg>
<doc>Navigates the current browser window to the provided ``url``.</doc>
<msg timestamp="20231119 22:19:35.465" level="INFO">Opening url 'http://localhost:5001'</msg>
<status status="PASS" starttime="20231119 22:19:35.465" endtime="20231119 22:19:35.855"/>
</kw>
<status status="PASS" starttime="20231119 22:19:35.465" endtime="20231119 22:19:35.855"/>
</kw>
<kw name="Click Link" library="SeleniumLibrary">
<arg>Login</arg>
<doc>Clicks a link identified by ``locator``.</doc>
<msg timestamp="20231119 22:19:35.856" level="INFO">Clicking link 'Login'.</msg>
<status status="PASS" starttime="20231119 22:19:35.856" endtime="20231119 22:19:36.101"/>
</kw>
<kw name="Login Page Should Be Open" library="resource">
<kw name="Title Should Be" library="SeleniumLibrary">
<arg>Login</arg>
<doc>Verifies that the current page title equals ``title``.</doc>
<msg timestamp="20231119 22:19:36.110" level="INFO">Page title is 'Login'.</msg>
<status status="PASS" starttime="20231119 22:19:36.102" endtime="20231119 22:19:36.110"/>
</kw>
<status status="PASS" starttime="20231119 22:19:36.102" endtime="20231119 22:19:36.110"/>
</kw>
<status status="PASS" starttime="20231119 22:19:35.464" endtime="20231119 22:19:36.111"/>
</test>
<test id="s1-s1-t2" name="Click Register Link" line="12">
<kw name="Go To Starting Page" library="resource" type="SETUP">
<kw name="Go To" library="SeleniumLibrary">
<arg>${HOME_URL}</arg>
<doc>Navigates the current browser window to the provided ``url``.</doc>
<msg timestamp="20231119 22:19:36.115" level="INFO">Opening url 'http://localhost:5001'</msg>
<status status="PASS" starttime="20231119 22:19:36.115" endtime="20231119 22:19:36.231"/>
</kw>
<status status="PASS" starttime="20231119 22:19:36.115" endtime="20231119 22:19:36.231"/>
</kw>
<kw name="Click Link" library="SeleniumLibrary">
<arg>Register new user</arg>
<doc>Clicks a link identified by ``locator``.</doc>
<msg timestamp="20231119 22:19:36.232" level="INFO">Clicking link 'Register new user'.</msg>
<status status="PASS" starttime="20231119 22:19:36.232" endtime="20231119 22:19:36.439"/>
</kw>
<kw name="Register Page Should Be Open" library="resource">
<kw name="Title Should Be" library="SeleniumLibrary">
<arg>Register</arg>
<doc>Verifies that the current page title equals ``title``.</doc>
<msg timestamp="20231119 22:19:36.447" level="INFO">Page title is 'Register'.</msg>
<status status="PASS" starttime="20231119 22:19:36.440" endtime="20231119 22:19:36.447"/>
</kw>
<status status="PASS" starttime="20231119 22:19:36.440" endtime="20231119 22:19:36.447"/>
</kw>
<status status="PASS" starttime="20231119 22:19:36.114" endtime="20231119 22:19:36.448"/>
</test>
<kw name="Close Browser" library="SeleniumLibrary" type="TEARDOWN">
<doc>Closes the current browser.</doc>
<status status="PASS" starttime="20231119 22:19:36.449" endtime="20231119 22:19:38.525"/>
</kw>
<status status="PASS" starttime="20231119 22:19:31.454" endtime="20231119 22:19:38.525"/>
</suite>
<suite id="s1-s2" name="Login" source="C:\Users\Tommi\KouluKoodi\palautusrepositorio\viikko3\web-login\src\tests\login.robot">
<kw name="Open And Configure Browser" library="resource" type="SETUP">
<kw name="Evaluate" library="BuiltIn">
<var>${options}</var>
<arg>sys.modules['selenium.webdriver'].ChromeOptions()</arg>
<arg>sys</arg>
<doc>Evaluates the given expression in Python and returns the result.</doc>
<msg timestamp="20231119 22:19:38.538" level="INFO">${options} = &lt;selenium.webdriver.chrome.options.Options object at 0x0000022D8BD976A0&gt;</msg>
<status status="PASS" starttime="20231119 22:19:38.538" endtime="20231119 22:19:38.538"/>
</kw>
<kw name="Call Method" library="BuiltIn">
<arg>${options}</arg>
<arg>add_argument</arg>
<arg>--no-sandbox</arg>
<doc>Calls the named method of the given object with the provided arguments.</doc>
<status status="PASS" starttime="20231119 22:19:38.538" endtime="20231119 22:19:38.539"/>
</kw>
<kw name="Call Method" library="BuiltIn">
<arg>${options}</arg>
<arg>add_argument</arg>
<arg>--headless</arg>
<doc>Calls the named method of the given object with the provided arguments.</doc>
<status status="PASS" starttime="20231119 22:19:38.539" endtime="20231119 22:19:38.539"/>
</kw>
<kw name="Open Browser" library="SeleniumLibrary">
<arg>browser=chrome</arg>
<arg>options=${options}</arg>
<doc>Opens a new browser instance to the optional ``url``.</doc>
<msg timestamp="20231119 22:19:38.539" level="INFO">Opening browser 'chrome' to base url 'None'.</msg>
<status status="PASS" starttime="20231119 22:19:38.539" endtime="20231119 22:19:40.132"/>
</kw>
<kw name="Set Selenium Speed" library="SeleniumLibrary">
<arg>${DELAY}</arg>
<doc>Sets the delay that is waited after each Selenium command.</doc>
<status status="PASS" starttime="20231119 22:19:40.132" endtime="20231119 22:19:40.132"/>
</kw>
<status status="PASS" starttime="20231119 22:19:38.537" endtime="20231119 22:19:40.132"/>
</kw>
<test id="s1-s2-t1" name="Login With Correct Credentials" line="8">
<kw name="Create User And Go To Login Page" type="SETUP">
<kw name="Create User" library="AppLibrary">
<arg>kalle</arg>
<arg>kalle123</arg>
<status status="PASS" starttime="20231119 22:19:40.133" endtime="20231119 22:19:46.278"/>
</kw>
<kw name="Go To Login Page" library="resource">
<kw name="Go To" library="SeleniumLibrary">
<arg>${LOGIN_URL}</arg>
<doc>Navigates the current browser window to the provided ``url``.</doc>
<msg timestamp="20231119 22:19:46.279" level="INFO">Opening url 'http://localhost:5001/login'</msg>
<status status="PASS" starttime="20231119 22:19:46.279" endtime="20231119 22:19:46.666"/>
</kw>
<status status="PASS" starttime="20231119 22:19:46.278" endtime="20231119 22:19:46.666"/>
</kw>
<kw name="Login Page Should Be Open" library="resource">
<kw name="Title Should Be" library="SeleniumLibrary">
<arg>Login</arg>
<doc>Verifies that the current page title equals ``title``.</doc>
<msg timestamp="20231119 22:19:46.675" level="INFO">Page title is 'Login'.</msg>
<status status="PASS" starttime="20231119 22:19:46.666" endtime="20231119 22:19:46.675"/>
</kw>
<status status="PASS" starttime="20231119 22:19:46.666" endtime="20231119 22:19:46.675"/>
</kw>
<status status="PASS" starttime="20231119 22:19:40.133" endtime="20231119 22:19:46.675"/>
</kw>
<kw name="Set Username">
<arg>kalle</arg>
<kw name="Input Text" library="SeleniumLibrary">
<arg>username</arg>
<arg>${username}</arg>
<doc>Types the given ``text`` into the text field identified by ``locator``.</doc>
<msg timestamp="20231119 22:19:46.676" level="INFO">Typing text 'kalle' into text field 'username'.</msg>
<status status="PASS" starttime="20231119 22:19:46.676" endtime="20231119 22:19:46.783"/>
</kw>
<status status="PASS" starttime="20231119 22:19:46.676" endtime="20231119 22:19:46.783"/>
</kw>
<kw name="Set Password">
<arg>kalle123</arg>
<kw name="Input Password" library="SeleniumLibrary">
<arg>password</arg>
<arg>${password}</arg>
<doc>Types the given password into the text field identified by ``locator``.</doc>
<msg timestamp="20231119 22:19:46.785" level="INFO">Typing password into text field 'password'.</msg>
<msg timestamp="20231119 22:19:46.824" level="INFO">Temporally setting log level to: NONE</msg>
<msg timestamp="20231119 22:19:46.867" level="INFO">Log level changed from NONE to INFO.</msg>
<status status="PASS" starttime="20231119 22:19:46.784" endtime="20231119 22:19:46.867"/>
</kw>
<status status="PASS" starttime="20231119 22:19:46.784" endtime="20231119 22:19:46.867"/>
</kw>
<kw name="Submit Credentials">
<kw name="Click Button" library="SeleniumLibrary">
<arg>Login</arg>
<doc>Clicks the button identified by ``locator``.</doc>
<msg timestamp="20231119 22:19:46.868" level="INFO">Clicking button 'Login'.</msg>
<status status="PASS" starttime="20231119 22:19:46.868" endtime="20231119 22:19:47.259"/>
</kw>
<status status="PASS" starttime="20231119 22:19:46.868" endtime="20231119 22:19:47.259"/>
</kw>
<kw name="Login Should Succeed">
<kw name="Main Page Should Be Open" library="resource">
<kw name="Title Should Be" library="SeleniumLibrary">
<arg>Ohtu Application main page</arg>
<doc>Verifies that the current page title equals ``title``.</doc>
<msg timestamp="20231119 22:19:47.265" level="INFO">Page title is 'Ohtu Application main page'.</msg>
<status status="PASS" starttime="20231119 22:19:47.260" endtime="20231119 22:19:47.265"/>
</kw>
<status status="PASS" starttime="20231119 22:19:47.260" endtime="20231119 22:19:47.265"/>
</kw>
<status status="PASS" starttime="20231119 22:19:47.260" endtime="20231119 22:19:47.265"/>
</kw>
<status status="PASS" starttime="20231119 22:19:40.132" endtime="20231119 22:19:47.266"/>
</test>
<test id="s1-s2-t2" name="Login With Nonexistent Username" line="14">
<kw name="Create User And Go To Login Page" type="SETUP">
<kw name="Create User" library="AppLibrary">
<arg>kalle</arg>
<arg>kalle123</arg>
<status status="PASS" starttime="20231119 22:19:47.268" endtime="20231119 22:19:53.397"/>
</kw>
<kw name="Go To Login Page" library="resource">
<kw name="Go To" library="SeleniumLibrary">
<arg>${LOGIN_URL}</arg>
<doc>Navigates the current browser window to the provided ``url``.</doc>
<msg timestamp="20231119 22:19:53.398" level="INFO">Opening url 'http://localhost:5001/login'</msg>
<status status="PASS" starttime="20231119 22:19:53.397" endtime="20231119 22:19:53.413"/>
</kw>
<status status="PASS" starttime="20231119 22:19:53.397" endtime="20231119 22:19:53.413"/>
</kw>
<kw name="Login Page Should Be Open" library="resource">
<kw name="Title Should Be" library="SeleniumLibrary">
<arg>Login</arg>
<doc>Verifies that the current page title equals ``title``.</doc>
<msg timestamp="20231119 22:19:53.420" level="INFO">Page title is 'Login'.</msg>
<status status="PASS" starttime="20231119 22:19:53.413" endtime="20231119 22:19:53.420"/>
</kw>
<status status="PASS" starttime="20231119 22:19:53.413" endtime="20231119 22:19:53.420"/>
</kw>
<status status="PASS" starttime="20231119 22:19:47.267" endtime="20231119 22:19:53.420"/>
</kw>
<kw name="Set Username">
<arg>kalelele</arg>
<kw name="Input Text" library="SeleniumLibrary">
<arg>username</arg>
<arg>${username}</arg>
<doc>Types the given ``text`` into the text field identified by ``locator``.</doc>
<msg timestamp="20231119 22:19:53.422" level="INFO">Typing text 'kalelele' into text field 'username'.</msg>
<status status="PASS" starttime="20231119 22:19:53.421" endtime="20231119 22:19:53.501"/>
</kw>
<status status="PASS" starttime="20231119 22:19:53.421" endtime="20231119 22:19:53.501"/>
</kw>
<kw name="Set Password">
<arg>kalle123</arg>
<kw name="Input Password" library="SeleniumLibrary">
<arg>password</arg>
<arg>${password}</arg>
<doc>Types the given password into the text field identified by ``locator``.</doc>
<msg timestamp="20231119 22:19:53.502" level="INFO">Typing password into text field 'password'.</msg>
<msg timestamp="20231119 22:19:53.538" level="INFO">Temporally setting log level to: NONE</msg>
<msg timestamp="20231119 22:19:53.580" level="INFO">Log level changed from NONE to INFO.</msg>
<status status="PASS" starttime="20231119 22:19:53.502" endtime="20231119 22:19:53.580"/>
</kw>
<status status="PASS" starttime="20231119 22:19:53.501" endtime="20231119 22:19:53.580"/>
</kw>
<kw name="Submit Credentials">
<kw name="Click Button" library="SeleniumLibrary">
<arg>Login</arg>
<doc>Clicks the button identified by ``locator``.</doc>
<msg timestamp="20231119 22:19:53.582" level="INFO">Clicking button 'Login'.</msg>
<status status="PASS" starttime="20231119 22:19:53.581" endtime="20231119 22:19:54.198"/>
</kw>
<status status="PASS" starttime="20231119 22:19:53.581" endtime="20231119 22:19:54.198"/>
</kw>
<kw name="Login Should Fail With Message">
<arg>Invalid username or password</arg>
<kw name="Login Page Should Be Open" library="resource">
<kw name="Title Should Be" library="SeleniumLibrary">
<arg>Login</arg>
<doc>Verifies that the current page title equals ``title``.</doc>
<msg timestamp="20231119 22:19:54.206" level="INFO">Page title is 'Login'.</msg>
<status status="PASS" starttime="20231119 22:19:54.200" endtime="20231119 22:19:54.206"/>
</kw>
<status status="PASS" starttime="20231119 22:19:54.199" endtime="20231119 22:19:54.206"/>
</kw>
<kw name="Page Should Contain" library="SeleniumLibrary">
<arg>${message}</arg>
<doc>Verifies that current page contains ``text``.</doc>
<msg timestamp="20231119 22:19:54.223" level="INFO">Current page contains text 'Invalid username or password'.</msg>
<status status="PASS" starttime="20231119 22:19:54.207" endtime="20231119 22:19:54.224"/>
</kw>
<status status="PASS" starttime="20231119 22:19:54.199" endtime="20231119 22:19:54.224"/>
</kw>
<status status="PASS" starttime="20231119 22:19:47.267" endtime="20231119 22:19:54.224"/>
</test>
<test id="s1-s2-t3" name="Login With Incorrect Password" line="20">
<kw name="Create User And Go To Login Page" type="SETUP">
<kw name="Create User" library="AppLibrary">
<arg>kalle</arg>
<arg>kalle123</arg>
<status status="PASS" starttime="20231119 22:19:54.227" endtime="20231119 22:20:00.372"/>
</kw>
<kw name="Go To Login Page" library="resource">
<kw name="Go To" library="SeleniumLibrary">
<arg>${LOGIN_URL}</arg>
<doc>Navigates the current browser window to the provided ``url``.</doc>
<msg timestamp="20231119 22:20:00.372" level="INFO">Opening url 'http://localhost:5001/login'</msg>
<status status="PASS" starttime="20231119 22:20:00.372" endtime="20231119 22:20:00.386"/>
</kw>
<status status="PASS" starttime="20231119 22:20:00.372" endtime="20231119 22:20:00.386"/>
</kw>
<kw name="Login Page Should Be Open" library="resource">
<kw name="Title Should Be" library="SeleniumLibrary">
<arg>Login</arg>
<doc>Verifies that the current page title equals ``title``.</doc>
<msg timestamp="20231119 22:20:00.394" level="INFO">Page title is 'Login'.</msg>
<status status="PASS" starttime="20231119 22:20:00.387" endtime="20231119 22:20:00.394"/>
</kw>
<status status="PASS" starttime="20231119 22:20:00.387" endtime="20231119 22:20:00.394"/>
</kw>
<status status="PASS" starttime="20231119 22:19:54.227" endtime="20231119 22:20:00.395"/>
</kw>
<kw name="Set Username">
<arg>kalle</arg>
<kw name="Input Text" library="SeleniumLibrary">
<arg>username</arg>
<arg>${username}</arg>
<doc>Types the given ``text`` into the text field identified by ``locator``.</doc>
<msg timestamp="20231119 22:20:00.396" level="INFO">Typing text 'kalle' into text field 'username'.</msg>
<status status="PASS" starttime="20231119 22:20:00.396" endtime="20231119 22:20:00.477"/>
</kw>
<status status="PASS" starttime="20231119 22:20:00.395" endtime="20231119 22:20:00.477"/>
</kw>
<kw name="Set Password">
<arg>kalle456</arg>
<kw name="Input Password" library="SeleniumLibrary">
<arg>password</arg>
<arg>${password}</arg>
<doc>Types the given password into the text field identified by ``locator``.</doc>
<msg timestamp="20231119 22:20:00.479" level="INFO">Typing password into text field 'password'.</msg>
<msg timestamp="20231119 22:20:00.517" level="INFO">Temporally setting log level to: NONE</msg>
<msg timestamp="20231119 22:20:00.561" level="INFO">Log level changed from NONE to INFO.</msg>
<status status="PASS" starttime="20231119 22:20:00.478" endtime="20231119 22:20:00.561"/>
</kw>
<status status="PASS" starttime="20231119 22:20:00.478" endtime="20231119 22:20:00.561"/>
</kw>
<kw name="Submit Credentials">
<kw name="Click Button" library="SeleniumLibrary">
<arg>Login</arg>
<doc>Clicks the button identified by ``locator``.</doc>
<msg timestamp="20231119 22:20:00.563" level="INFO">Clicking button 'Login'.</msg>
<status status="PASS" starttime="20231119 22:20:00.562" endtime="20231119 22:20:01.193"/>
</kw>
<status status="PASS" starttime="20231119 22:20:00.562" endtime="20231119 22:20:01.193"/>
</kw>
<kw name="Login Should Fail With Message">
<arg>Invalid username or password</arg>
<kw name="Login Page Should Be Open" library="resource">
<kw name="Title Should Be" library="SeleniumLibrary">
<arg>Login</arg>
<doc>Verifies that the current page title equals ``title``.</doc>
<msg timestamp="20231119 22:20:01.201" level="INFO">Page title is 'Login'.</msg>
<status status="PASS" starttime="20231119 22:20:01.194" endtime="20231119 22:20:01.201"/>
</kw>
<status status="PASS" starttime="20231119 22:20:01.194" endtime="20231119 22:20:01.201"/>
</kw>
<kw name="Page Should Contain" library="SeleniumLibrary">
<arg>${message}</arg>
<doc>Verifies that current page contains ``text``.</doc>
<msg timestamp="20231119 22:20:01.213" level="INFO">Current page contains text 'Invalid username or password'.</msg>
<status status="PASS" starttime="20231119 22:20:01.201" endtime="20231119 22:20:01.214"/>
</kw>
<status status="PASS" starttime="20231119 22:20:01.194" endtime="20231119 22:20:01.214"/>
</kw>
<status status="PASS" starttime="20231119 22:19:54.226" endtime="20231119 22:20:01.214"/>
</test>
<kw name="Close Browser" library="SeleniumLibrary" type="TEARDOWN">
<doc>Closes the current browser.</doc>
<status status="PASS" starttime="20231119 22:20:01.216" endtime="20231119 22:20:03.291"/>
</kw>
<status status="PASS" starttime="20231119 22:19:38.529" endtime="20231119 22:20:03.291"/>
</suite>
<suite id="s1-s3" name="Register" source="C:\Users\Tommi\KouluKoodi\palautusrepositorio\viikko3\web-login\src\tests\register.robot">
<kw name="Open And Configure Browser" library="resource" type="SETUP">
<kw name="Evaluate" library="BuiltIn">
<var>${options}</var>
<arg>sys.modules['selenium.webdriver'].ChromeOptions()</arg>
<arg>sys</arg>
<doc>Evaluates the given expression in Python and returns the result.</doc>
<msg timestamp="20231119 22:20:03.305" level="INFO">${options} = &lt;selenium.webdriver.chrome.options.Options object at 0x0000022D8BE6F4F0&gt;</msg>
<status status="PASS" starttime="20231119 22:20:03.305" endtime="20231119 22:20:03.305"/>
</kw>
<kw name="Call Method" library="BuiltIn">
<arg>${options}</arg>
<arg>add_argument</arg>
<arg>--no-sandbox</arg>
<doc>Calls the named method of the given object with the provided arguments.</doc>
<status status="PASS" starttime="20231119 22:20:03.305" endtime="20231119 22:20:03.305"/>
</kw>
<kw name="Call Method" library="BuiltIn">
<arg>${options}</arg>
<arg>add_argument</arg>
<arg>--headless</arg>
<doc>Calls the named method of the given object with the provided arguments.</doc>
<status status="PASS" starttime="20231119 22:20:03.305" endtime="20231119 22:20:03.305"/>
</kw>
<kw name="Open Browser" library="SeleniumLibrary">
<arg>browser=chrome</arg>
<arg>options=${options}</arg>
<doc>Opens a new browser instance to the optional ``url``.</doc>
<msg timestamp="20231119 22:20:03.306" level="INFO">Opening browser 'chrome' to base url 'None'.</msg>
<status status="PASS" starttime="20231119 22:20:03.305" endtime="20231119 22:20:04.915"/>
</kw>
<kw name="Set Selenium Speed" library="SeleniumLibrary">
<arg>${DELAY}</arg>
<doc>Sets the delay that is waited after each Selenium command.</doc>
<status status="PASS" starttime="20231119 22:20:04.915" endtime="20231119 22:20:04.916"/>
</kw>
<status status="PASS" starttime="20231119 22:20:03.304" endtime="20231119 22:20:04.916"/>
</kw>
<test id="s1-s3-t1" name="Register With Valid Username And Password" line="9">
<kw name="Go To Register Page" library="resource" type="SETUP">
<kw name="Go To" library="SeleniumLibrary">
<arg>${REGISTER_URL}</arg>
<doc>Navigates the current browser window to the provided ``url``.</doc>
<msg timestamp="20231119 22:20:04.917" level="INFO">Opening url 'http://localhost:5001/register'</msg>
<status status="PASS" starttime="20231119 22:20:04.917" endtime="20231119 22:20:05.285"/>
</kw>
<status status="PASS" starttime="20231119 22:20:04.916" endtime="20231119 22:20:05.285"/>
</kw>
<kw name="Set Username">
<arg>kalleboy</arg>
<kw name="Input Text" library="SeleniumLibrary">
<arg>username</arg>
<arg>${username}</arg>
<doc>Types the given ``text`` into the text field identified by ``locator``.</doc>
<msg timestamp="20231119 22:20:05.287" level="INFO">Typing text 'kalleboy' into text field 'username'.</msg>
<status status="PASS" starttime="20231119 22:20:05.286" endtime="20231119 22:20:05.381"/>
</kw>
<status status="PASS" starttime="20231119 22:20:05.286" endtime="20231119 22:20:05.381"/>
</kw>
<kw name="Set Password">
<arg>kalle1234</arg>
<kw name="Input Password" library="SeleniumLibrary">
<arg>password</arg>
<arg>${password}</arg>
<doc>Types the given password into the text field identified by ``locator``.</doc>
<msg timestamp="20231119 22:20:05.383" level="INFO">Typing password into text field 'password'.</msg>
<msg timestamp="20231119 22:20:05.417" level="INFO">Temporally setting log level to: NONE</msg>
<msg timestamp="20231119 22:20:05.465" level="INFO">Log level changed from NONE to INFO.</msg>
<status status="PASS" starttime="20231119 22:20:05.382" endtime="20231119 22:20:05.465"/>
</kw>
<status status="PASS" starttime="20231119 22:20:05.382" endtime="20231119 22:20:05.465"/>
</kw>
<kw name="Set Password Confirmation">
<arg>kalle1234</arg>
<kw name="Input Password" library="SeleniumLibrary">
<arg>password_confirmation</arg>
<arg>${password_confirmation}</arg>
<doc>Types the given password into the text field identified by ``locator``.</doc>
<msg timestamp="20231119 22:20:05.466" level="INFO">Typing password into text field 'password_confirmation'.</msg>
<msg timestamp="20231119 22:20:05.500" level="INFO">Temporally setting log level to: NONE</msg>
<msg timestamp="20231119 22:20:05.538" level="INFO">Log level changed from NONE to INFO.</msg>
<status status="PASS" starttime="20231119 22:20:05.466" endtime="20231119 22:20:05.538"/>
</kw>
<status status="PASS" starttime="20231119 22:20:05.465" endtime="20231119 22:20:05.538"/>
</kw>
<kw name="Submit Credentials">
<kw name="Click Button" library="SeleniumLibrary">
<arg>Register</arg>
<doc>Clicks the button identified by ``locator``.</doc>
<msg timestamp="20231119 22:20:05.540" level="INFO">Clicking button 'Register'.</msg>
<status status="PASS" starttime="20231119 22:20:05.539" endtime="20231119 22:20:05.909"/>
</kw>
<status status="PASS" starttime="20231119 22:20:05.539" endtime="20231119 22:20:05.909"/>
</kw>
<kw name="Register Should Succeed">
<kw name="Welcome Page Should Be Open" library="resource">
<kw name="Title Should Be" library="SeleniumLibrary">
<arg>Welcome to Ohtu Application!</arg>
<doc>Verifies that the current page title equals ``title``.</doc>
<msg timestamp="20231119 22:20:05.918" level="INFO">Page title is 'Welcome to Ohtu Application!'.</msg>
<status status="PASS" starttime="20231119 22:20:05.911" endtime="20231119 22:20:05.919"/>
</kw>
<status status="PASS" starttime="20231119 22:20:05.910" endtime="20231119 22:20:05.919"/>
</kw>
<status status="PASS" starttime="20231119 22:20:05.910" endtime="20231119 22:20:05.919"/>
</kw>
<status status="PASS" starttime="20231119 22:20:04.916" endtime="20231119 22:20:05.920"/>
</test>
<test id="s1-s3-t2" name="Register With Too Short Username And Valid Password" line="16">
<kw name="Go To Register Page" library="resource" type="SETUP">
<kw name="Go To" library="SeleniumLibrary">
<arg>${REGISTER_URL}</arg>
<doc>Navigates the current browser window to the provided ``url``.</doc>
<msg timestamp="20231119 22:20:05.922" level="INFO">Opening url 'http://localhost:5001/register'</msg>
<status status="PASS" starttime="20231119 22:20:05.922" endtime="20231119 22:20:06.176"/>
</kw>
<status status="PASS" starttime="20231119 22:20:05.922" endtime="20231119 22:20:06.176"/>
</kw>
<kw name="Set Username">
<arg>ka</arg>
<kw name="Input Text" library="SeleniumLibrary">
<arg>username</arg>
<arg>${username}</arg>
<doc>Types the given ``text`` into the text field identified by ``locator``.</doc>
<msg timestamp="20231119 22:20:06.178" level="INFO">Typing text 'ka' into text field 'username'.</msg>
<status status="PASS" starttime="20231119 22:20:06.177" endtime="20231119 22:20:06.253"/>
</kw>
<status status="PASS" starttime="20231119 22:20:06.177" endtime="20231119 22:20:06.253"/>
</kw>
<kw name="Set Password">
<arg>kalle123</arg>
<kw name="Input Password" library="SeleniumLibrary">
<arg>password</arg>
<arg>${password}</arg>
<doc>Types the given password into the text field identified by ``locator``.</doc>
<msg timestamp="20231119 22:20:06.255" level="INFO">Typing password into text field 'password'.</msg>
<msg timestamp="20231119 22:20:06.292" level="INFO">Temporally setting log level to: NONE</msg>
<msg timestamp="20231119 22:20:06.329" level="INFO">Log level changed from NONE to INFO.</msg>
<status status="PASS" starttime="20231119 22:20:06.254" endtime="20231119 22:20:06.329"/>
</kw>
<status status="PASS" starttime="20231119 22:20:06.254" endtime="20231119 22:20:06.329"/>
</kw>
<kw name="Set Password Confirmation">
<arg>kalle123</arg>
<kw name="Input Password" library="SeleniumLibrary">
<arg>password_confirmation</arg>
<arg>${password_confirmation}</arg>
<doc>Types the given password into the text field identified by ``locator``.</doc>
<msg timestamp="20231119 22:20:06.330" level="INFO">Typing password into text field 'password_confirmation'.</msg>
<msg timestamp="20231119 22:20:06.363" level="INFO">Temporally setting log level to: NONE</msg>
<msg timestamp="20231119 22:20:06.406" level="INFO">Log level changed from NONE to INFO.</msg>
<status status="PASS" starttime="20231119 22:20:06.330" endtime="20231119 22:20:06.406"/>
</kw>
<status status="PASS" starttime="20231119 22:20:06.329" endtime="20231119 22:20:06.406"/>
</kw>
<kw name="Submit Credentials">
<kw name="Click Button" library="SeleniumLibrary">
<arg>Register</arg>
<doc>Clicks the button identified by ``locator``.</doc>
<msg timestamp="20231119 22:20:06.408" level="INFO">Clicking button 'Register'.</msg>
<status status="PASS" starttime="20231119 22:20:06.408" endtime="20231119 22:20:06.785"/>
</kw>
<status status="PASS" starttime="20231119 22:20:06.407" endtime="20231119 22:20:06.785"/>
</kw>
<kw name="Register Should Fail With Message">
<arg>Username too short</arg>
<kw name="Register Page Should Be Open" library="resource">
<kw name="Title Should Be" library="SeleniumLibrary">
<arg>Register</arg>
<doc>Verifies that the current page title equals ``title``.</doc>
<msg timestamp="20231119 22:20:06.805" level="INFO">Page title is 'Register'.</msg>
<status status="PASS" starttime="20231119 22:20:06.786" endtime="20231119 22:20:06.805"/>
</kw>
<status status="PASS" starttime="20231119 22:20:06.786" endtime="20231119 22:20:06.805"/>
</kw>
<kw name="Page Should Contain" library="SeleniumLibrary">
<arg>${message}</arg>
<doc>Verifies that current page contains ``text``.</doc>
<msg timestamp="20231119 22:20:06.820" level="INFO">Current page contains text 'Username too short'.</msg>
<status status="PASS" starttime="20231119 22:20:06.805" endtime="20231119 22:20:06.820"/>
</kw>
<status status="PASS" starttime="20231119 22:20:06.786" endtime="20231119 22:20:06.820"/>
</kw>
<status status="PASS" starttime="20231119 22:20:05.921" endtime="20231119 22:20:06.821"/>
</test>
<test id="s1-s3-t3" name="Register With Valid Username And Invalid Password" line="23">
<kw name="Go To Register Page" library="resource" type="SETUP">
<kw name="Go To" library="SeleniumLibrary">
<arg>${REGISTER_URL}</arg>
<doc>Navigates the current browser window to the provided ``url``.</doc>
<msg timestamp="20231119 22:20:06.824" level="INFO">Opening url 'http://localhost:5001/register'</msg>
<status status="PASS" starttime="20231119 22:20:06.823" endtime="20231119 22:20:07.033"/>
</kw>
<status status="PASS" starttime="20231119 22:20:06.823" endtime="20231119 22:20:07.033"/>
</kw>
<kw name="Set Username">
<arg>kalle</arg>
<kw name="Input Text" library="SeleniumLibrary">
<arg>username</arg>
<arg>${username}</arg>
<doc>Types the given ``text`` into the text field identified by ``locator``.</doc>
<msg timestamp="20231119 22:20:07.035" level="INFO">Typing text 'kalle' into text field 'username'.</msg>
<status status="PASS" starttime="20231119 22:20:07.034" endtime="20231119 22:20:07.111"/>
</kw>
<status status="PASS" starttime="20231119 22:20:07.034" endtime="20231119 22:20:07.111"/>
</kw>
<kw name="Set Password">
<arg>kalleeeeeee</arg>
<kw name="Input Password" library="SeleniumLibrary">
<arg>password</arg>
<arg>${password}</arg>
<doc>Types the given password into the text field identified by ``locator``.</doc>
<msg timestamp="20231119 22:20:07.112" level="INFO">Typing password into text field 'password'.</msg>
<msg timestamp="20231119 22:20:07.148" level="INFO">Temporally setting log level to: NONE</msg>
<msg timestamp="20231119 22:20:07.186" level="INFO">Log level changed from NONE to INFO.</msg>
<status status="PASS" starttime="20231119 22:20:07.112" endtime="20231119 22:20:07.186"/>
</kw>
<status status="PASS" starttime="20231119 22:20:07.112" endtime="20231119 22:20:07.186"/>
</kw>
<kw name="Set Password Confirmation">
<arg>kalleeeeeee</arg>
<kw name="Input Password" library="SeleniumLibrary">
<arg>password_confirmation</arg>
<arg>${password_confirmation}</arg>
<doc>Types the given password into the text field identified by ``locator``.</doc>
<msg timestamp="20231119 22:20:07.188" level="INFO">Typing password into text field 'password_confirmation'.</msg>
<msg timestamp="20231119 22:20:07.227" level="INFO">Temporally setting log level to: NONE</msg>
<msg timestamp="20231119 22:20:07.272" level="INFO">Log level changed from NONE to INFO.</msg>
<status status="PASS" starttime="20231119 22:20:07.187" endtime="20231119 22:20:07.272"/>
</kw>
<status status="PASS" starttime="20231119 22:20:07.187" endtime="20231119 22:20:07.272"/>
</kw>
<kw name="Submit Credentials">
<kw name="Click Button" library="SeleniumLibrary">
<arg>Register</arg>
<doc>Clicks the button identified by ``locator``.</doc>
<msg timestamp="20231119 22:20:07.274" level="INFO">Clicking button 'Register'.</msg>
<status status="PASS" starttime="20231119 22:20:07.273" endtime="20231119 22:20:07.646"/>
</kw>
<status status="PASS" starttime="20231119 22:20:07.272" endtime="20231119 22:20:07.647"/>
</kw>
<kw name="Register Should Fail With Message">
<arg>Password has to include at least 1 non a - z character</arg>
<kw name="Register Page Should Be Open" library="resource">
<kw name="Title Should Be" library="SeleniumLibrary">
<arg>Register</arg>
<doc>Verifies that the current page title equals ``title``.</doc>
<msg timestamp="20231119 22:20:07.652" level="INFO">Page title is 'Register'.</msg>
<status status="PASS" starttime="20231119 22:20:07.648" endtime="20231119 22:20:07.652"/>
</kw>
<status status="PASS" starttime="20231119 22:20:07.648" endtime="20231119 22:20:07.653"/>
</kw>
<kw name="Page Should Contain" library="SeleniumLibrary">
<arg>${message}</arg>
<doc>Verifies that current page contains ``text``.</doc>
<msg timestamp="20231119 22:20:07.667" level="INFO">Current page contains text 'Password has to include at least 1 non a - z character'.</msg>
<status status="PASS" starttime="20231119 22:20:07.653" endtime="20231119 22:20:07.667"/>
</kw>
<status status="PASS" starttime="20231119 22:20:07.647" endtime="20231119 22:20:07.667"/>
</kw>
<status status="PASS" starttime="20231119 22:20:06.822" endtime="20231119 22:20:07.668"/>
</test>
<test id="s1-s3-t4" name="Register With Nonmatching Password And Password Confirmation" line="30">
<kw name="Go To Register Page" library="resource" type="SETUP">
<kw name="Go To" library="SeleniumLibrary">
<arg>${REGISTER_URL}</arg>
<doc>Navigates the current browser window to the provided ``url``.</doc>
<msg timestamp="20231119 22:20:07.671" level="INFO">Opening url 'http://localhost:5001/register'</msg>
<status status="PASS" starttime="20231119 22:20:07.670" endtime="20231119 22:20:07.891"/>
</kw>
<status status="PASS" starttime="20231119 22:20:07.670" endtime="20231119 22:20:07.891"/>
</kw>
<kw name="Set Username">
<arg>kalle</arg>
<kw name="Input Text" library="SeleniumLibrary">
<arg>username</arg>
<arg>${username}</arg>
<doc>Types the given ``text`` into the text field identified by ``locator``.</doc>
<msg timestamp="20231119 22:20:07.893" level="INFO">Typing text 'kalle' into text field 'username'.</msg>
<status status="PASS" starttime="20231119 22:20:07.892" endtime="20231119 22:20:07.973"/>
</kw>
<status status="PASS" starttime="20231119 22:20:07.892" endtime="20231119 22:20:07.973"/>
</kw>
<kw name="Set Password">
<arg>kalle122</arg>
<kw name="Input Password" library="SeleniumLibrary">
<arg>password</arg>
<arg>${password}</arg>
<doc>Types the given password into the text field identified by ``locator``.</doc>
<msg timestamp="20231119 22:20:07.975" level="INFO">Typing password into text field 'password'.</msg>
<msg timestamp="20231119 22:20:08.012" level="INFO">Temporally setting log level to: NONE</msg>
<msg timestamp="20231119 22:20:08.062" level="INFO">Log level changed from NONE to INFO.</msg>
<status status="PASS" starttime="20231119 22:20:07.974" endtime="20231119 22:20:08.062"/>
</kw>
<status status="PASS" starttime="20231119 22:20:07.973" endtime="20231119 22:20:08.062"/>
</kw>
<kw name="Set Password Confirmation">
<arg>kalle123</arg>
<kw name="Input Password" library="SeleniumLibrary">
<arg>password_confirmation</arg>
<arg>${password_confirmation}</arg>
<doc>Types the given password into the text field identified by ``locator``.</doc>
<msg timestamp="20231119 22:20:08.064" level="INFO">Typing password into text field 'password_confirmation'.</msg>
<msg timestamp="20231119 22:20:08.098" level="INFO">Temporally setting log level to: NONE</msg>
<msg timestamp="20231119 22:20:08.141" level="INFO">Log level changed from NONE to INFO.</msg>
<status status="PASS" starttime="20231119 22:20:08.063" endtime="20231119 22:20:08.141"/>
</kw>
<status status="PASS" starttime="20231119 22:20:08.063" endtime="20231119 22:20:08.141"/>
</kw>
<kw name="Submit Credentials">
<kw name="Click Button" library="SeleniumLibrary">
<arg>Register</arg>
<doc>Clicks the button identified by ``locator``.</doc>
<msg timestamp="20231119 22:20:08.143" level="INFO">Clicking button 'Register'.</msg>
<status status="PASS" starttime="20231119 22:20:08.142" endtime="20231119 22:20:08.518"/>
</kw>
<status status="PASS" starttime="20231119 22:20:08.142" endtime="20231119 22:20:08.518"/>
</kw>
<kw name="Register Should Fail With Message">
<arg>Password confirmation doesn't match password</arg>
<kw name="Register Page Should Be Open" library="resource">
<kw name="Title Should Be" library="SeleniumLibrary">
<arg>Register</arg>
<doc>Verifies that the current page title equals ``title``.</doc>
<msg timestamp="20231119 22:20:08.528" level="INFO">Page title is 'Register'.</msg>
<status status="PASS" starttime="20231119 22:20:08.520" endtime="20231119 22:20:08.528"/>
</kw>
<status status="PASS" starttime="20231119 22:20:08.519" endtime="20231119 22:20:08.528"/>
</kw>
<kw name="Page Should Contain" library="SeleniumLibrary">
<arg>${message}</arg>
<doc>Verifies that current page contains ``text``.</doc>
<msg timestamp="20231119 22:20:08.543" level="INFO">Current page contains text 'Password confirmation doesn't match password'.</msg>
<status status="PASS" starttime="20231119 22:20:08.528" endtime="20231119 22:20:08.543"/>
</kw>
<status status="PASS" starttime="20231119 22:20:08.519" endtime="20231119 22:20:08.543"/>
</kw>
<status status="PASS" starttime="20231119 22:20:07.669" endtime="20231119 22:20:08.544"/>
</test>
<test id="s1-s3-t5" name="Login After Successful Registration" line="37">
<kw name="Go To Register Page" library="resource" type="SETUP">
<kw name="Go To" library="SeleniumLibrary">
<arg>${REGISTER_URL}</arg>
<doc>Navigates the current browser window to the provided ``url``.</doc>
<msg timestamp="20231119 22:20:08.547" level="INFO">Opening url 'http://localhost:5001/register'</msg>
<status status="PASS" starttime="20231119 22:20:08.547" endtime="20231119 22:20:08.780"/>
</kw>
<status status="PASS" starttime="20231119 22:20:08.546" endtime="20231119 22:20:08.781"/>
</kw>
<kw name="Set Username">
<arg>uloskirjautuja</arg>
<kw name="Input Text" library="SeleniumLibrary">
<arg>username</arg>
<arg>${username}</arg>
<doc>Types the given ``text`` into the text field identified by ``locator``.</doc>
<msg timestamp="20231119 22:20:08.782" level="INFO">Typing text 'uloskirjautuja' into text field 'username'.</msg>
<status status="PASS" starttime="20231119 22:20:08.782" endtime="20231119 22:20:08.864"/>
</kw>
<status status="PASS" starttime="20231119 22:20:08.781" endtime="20231119 22:20:08.864"/>
</kw>
<kw name="Set Password">
<arg>pekkak1234</arg>
<kw name="Input Password" library="SeleniumLibrary">
<arg>password</arg>
<arg>${password}</arg>
<doc>Types the given password into the text field identified by ``locator``.</doc>
<msg timestamp="20231119 22:20:08.866" level="INFO">Typing password into text field 'password'.</msg>
<msg timestamp="20231119 22:20:08.899" level="INFO">Temporally setting log level to: NONE</msg>
<msg timestamp="20231119 22:20:08.941" level="INFO">Log level changed from NONE to INFO.</msg>
<status status="PASS" starttime="20231119 22:20:08.865" endtime="20231119 22:20:08.941"/>
</kw>
<status status="PASS" starttime="20231119 22:20:08.865" endtime="20231119 22:20:08.941"/>
</kw>
<kw name="Set Password Confirmation">
<arg>pekkak1234</arg>
<kw name="Input Password" library="SeleniumLibrary">
<arg>password_confirmation</arg>
<arg>${password_confirmation}</arg>
<doc>Types the given password into the text field identified by ``locator``.</doc>
<msg timestamp="20231119 22:20:08.942" level="INFO">Typing password into text field 'password_confirmation'.</msg>
<msg timestamp="20231119 22:20:08.976" level="INFO">Temporally setting log level to: NONE</msg>
<msg timestamp="20231119 22:20:09.016" level="INFO">Log level changed from NONE to INFO.</msg>
<status status="PASS" starttime="20231119 22:20:08.942" endtime="20231119 22:20:09.016"/>
</kw>
<status status="PASS" starttime="20231119 22:20:08.941" endtime="20231119 22:20:09.016"/>
</kw>
<kw name="Submit Credentials">
<kw name="Click Button" library="SeleniumLibrary">
<arg>Register</arg>
<doc>Clicks the button identified by ``locator``.</doc>
<msg timestamp="20231119 22:20:09.017" level="INFO">Clicking button 'Register'.</msg>
<status status="PASS" starttime="20231119 22:20:09.017" endtime="20231119 22:20:09.389"/>
</kw>
<status status="PASS" starttime="20231119 22:20:09.017" endtime="20231119 22:20:09.389"/>
</kw>
<kw name="Logout" library="resource">
<kw name="Go To" library="SeleniumLibrary">
<arg>${MAIN_URL}</arg>
<doc>Navigates the current browser window to the provided ``url``.</doc>
<msg timestamp="20231119 22:20:09.391" level="INFO">Opening url 'http://localhost:5001/ohtu'</msg>
<status status="PASS" starttime="20231119 22:20:09.391" endtime="20231119 22:20:09.659"/>
</kw>
<kw name="Click Button" library="SeleniumLibrary">
<arg>Logout</arg>
<doc>Clicks the button identified by ``locator``.</doc>
<msg timestamp="20231119 22:20:09.660" level="INFO">Clicking button 'Logout'.</msg>
<status status="PASS" starttime="20231119 22:20:09.659" endtime="20231119 22:20:10.050"/>
</kw>
<status status="PASS" starttime="20231119 22:20:09.390" endtime="20231119 22:20:10.050"/>
</kw>
<kw name="Go To Login Page" library="resource">
<kw name="Go To" library="SeleniumLibrary">
<arg>${LOGIN_URL}</arg>
<doc>Navigates the current browser window to the provided ``url``.</doc>
<msg timestamp="20231119 22:20:10.051" level="INFO">Opening url 'http://localhost:5001/login'</msg>
<status status="PASS" starttime="20231119 22:20:10.051" endtime="20231119 22:20:10.299"/>
</kw>
<status status="PASS" starttime="20231119 22:20:10.051" endtime="20231119 22:20:10.299"/>
</kw>
<kw name="Set Username">
<arg>uloskirjautuja</arg>
<kw name="Input Text" library="SeleniumLibrary">
<arg>username</arg>
<arg>${username}</arg>
<doc>Types the given ``text`` into the text field identified by ``locator``.</doc>
<msg timestamp="20231119 22:20:10.301" level="INFO">Typing text 'uloskirjautuja' into text field 'username'.</msg>
<status status="PASS" starttime="20231119 22:20:10.300" endtime="20231119 22:20:10.382"/>
</kw>
<status status="PASS" starttime="20231119 22:20:10.300" endtime="20231119 22:20:10.382"/>
</kw>
<kw name="Set Password">
<arg>pekkak1234</arg>
<kw name="Input Password" library="SeleniumLibrary">
<arg>password</arg>
<arg>${password}</arg>
<doc>Types the given password into the text field identified by ``locator``.</doc>
<msg timestamp="20231119 22:20:10.384" level="INFO">Typing password into text field 'password'.</msg>
<msg timestamp="20231119 22:20:10.418" level="INFO">Temporally setting log level to: NONE</msg>
<msg timestamp="20231119 22:20:10.464" level="INFO">Log level changed from NONE to INFO.</msg>
<status status="PASS" starttime="20231119 22:20:10.383" endtime="20231119 22:20:10.464"/>
</kw>
<status status="PASS" starttime="20231119 22:20:10.383" endtime="20231119 22:20:10.464"/>
</kw>
<kw name="Submit Login Credentials" library="login_resource">
<kw name="Click Button" library="SeleniumLibrary">
<arg>Login</arg>
<doc>Clicks the button identified by ``locator``.</doc>
<msg timestamp="20231119 22:20:10.466" level="INFO">Clicking button 'Login'.</msg>
<status status="PASS" starttime="20231119 22:20:10.466" endtime="20231119 22:20:10.844"/>
</kw>
<status status="PASS" starttime="20231119 22:20:10.466" endtime="20231119 22:20:10.844"/>
</kw>
<kw name="Login Should Succeed" library="login_resource">
<kw name="Main Page Should Be Open" library="resource">
<kw name="Title Should Be" library="SeleniumLibrary">
<arg>Ohtu Application main page</arg>
<doc>Verifies that the current page title equals ``title``.</doc>
<msg timestamp="20231119 22:20:10.852" level="INFO">Page title is 'Ohtu Application main page'.</msg>
<status status="PASS" starttime="20231119 22:20:10.844" endtime="20231119 22:20:10.852"/>
</kw>
<status status="PASS" starttime="20231119 22:20:10.844" endtime="20231119 22:20:10.852"/>
</kw>
<status status="PASS" starttime="20231119 22:20:10.844" endtime="20231119 22:20:10.852"/>
</kw>
<status status="PASS" starttime="20231119 22:20:08.546" endtime="20231119 22:20:10.852"/>
</test>
<test id="s1-s3-t6" name="Login After Failed Registration" line="49">
<kw name="Go To Register Page" library="resource" type="SETUP">
<kw name="Go To" library="SeleniumLibrary">
<arg>${REGISTER_URL}</arg>
<doc>Navigates the current browser window to the provided ``url``.</doc>
<msg timestamp="20231119 22:20:10.855" level="INFO">Opening url 'http://localhost:5001/register'</msg>
<status status="PASS" starttime="20231119 22:20:10.855" endtime="20231119 22:20:11.106"/>
</kw>
<status status="PASS" starttime="20231119 22:20:10.855" endtime="20231119 22:20:11.106"/>
</kw>
<kw name="Set Username">
<arg>epaonnistuvakirjautuja</arg>
<kw name="Input Text" library="SeleniumLibrary">
<arg>username</arg>
<arg>${username}</arg>
<doc>Types the given ``text`` into the text field identified by ``locator``.</doc>
<msg timestamp="20231119 22:20:11.107" level="INFO">Typing text 'epaonnistuvakirjautuja' into text field 'username'.</msg>
<status status="PASS" starttime="20231119 22:20:11.107" endtime="20231119 22:20:11.195"/>
</kw>
<status status="PASS" starttime="20231119 22:20:11.107" endtime="20231119 22:20:11.195"/>
</kw>
<kw name="Set Password">
<arg>12345</arg>
<kw name="Input Password" library="SeleniumLibrary">
<arg>password</arg>
<arg>${password}</arg>
<doc>Types the given password into the text field identified by ``locator``.</doc>
<msg timestamp="20231119 22:20:11.196" level="INFO">Typing password into text field 'password'.</msg>
<msg timestamp="20231119 22:20:11.234" level="INFO">Temporally setting log level to: NONE</msg>
<msg timestamp="20231119 22:20:11.271" level="INFO">Log level changed from NONE to INFO.</msg>
<status status="PASS" starttime="20231119 22:20:11.196" endtime="20231119 22:20:11.271"/>
</kw>
<status status="PASS" starttime="20231119 22:20:11.196" endtime="20231119 22:20:11.271"/>
</kw>
<kw name="Set Password Confirmation">
<arg>54321</arg>
<kw name="Input Password" library="SeleniumLibrary">
<arg>password_confirmation</arg>
<arg>${password_confirmation}</arg>
<doc>Types the given password into the text field identified by ``locator``.</doc>
<msg timestamp="20231119 22:20:11.273" level="INFO">Typing password into text field 'password_confirmation'.</msg>
<msg timestamp="20231119 22:20:11.304" level="INFO">Temporally setting log level to: NONE</msg>
<msg timestamp="20231119 22:20:11.346" level="INFO">Log level changed from NONE to INFO.</msg>
<status status="PASS" starttime="20231119 22:20:11.272" endtime="20231119 22:20:11.346"/>
</kw>
<status status="PASS" starttime="20231119 22:20:11.272" endtime="20231119 22:20:11.346"/>
</kw>
<kw name="Submit Credentials">
<kw name="Click Button" library="SeleniumLibrary">
<arg>Register</arg>
<doc>Clicks the button identified by ``locator``.</doc>
<msg timestamp="20231119 22:20:11.347" level="INFO">Clicking button 'Register'.</msg>
<status status="PASS" starttime="20231119 22:20:11.347" endtime="20231119 22:20:11.717"/>
</kw>
<status status="PASS" starttime="20231119 22:20:11.346" endtime="20231119 22:20:11.717"/>
</kw>
<kw name="Logout" library="resource">
<kw name="Go To" library="SeleniumLibrary">
<arg>${MAIN_URL}</arg>
<doc>Navigates the current browser window to the provided ``url``.</doc>
<msg timestamp="20231119 22:20:11.719" level="INFO">Opening url 'http://localhost:5001/ohtu'</msg>
<status status="PASS" starttime="20231119 22:20:11.718" endtime="20231119 22:20:11.979"/>
</kw>
<kw name="Click Button" library="SeleniumLibrary">
<arg>Logout</arg>
<doc>Clicks the button identified by ``locator``.</doc>
<msg timestamp="20231119 22:20:11.980" level="INFO">Clicking button 'Logout'.</msg>
<status status="PASS" starttime="20231119 22:20:11.980" endtime="20231119 22:20:12.356"/>
</kw>
<status status="PASS" starttime="20231119 22:20:11.718" endtime="20231119 22:20:12.357"/>
</kw>
<kw name="Go To Login Page" library="resource">
<kw name="Go To" library="SeleniumLibrary">
<arg>${LOGIN_URL}</arg>
<doc>Navigates the current browser window to the provided ``url``.</doc>
<msg timestamp="20231119 22:20:12.358" level="INFO">Opening url 'http://localhost:5001/login'</msg>
<status status="PASS" starttime="20231119 22:20:12.358" endtime="20231119 22:20:12.618"/>
</kw>
<status status="PASS" starttime="20231119 22:20:12.357" endtime="20231119 22:20:12.618"/>
</kw>
<kw name="Set Username">
<arg>epaonnistuvakirjautuja</arg>
<kw name="Input Text" library="SeleniumLibrary">
<arg>username</arg>
<arg>${username}</arg>
<doc>Types the given ``text`` into the text field identified by ``locator``.</doc>
<msg timestamp="20231119 22:20:12.620" level="INFO">Typing text 'epaonnistuvakirjautuja' into text field 'username'.</msg>
<status status="PASS" starttime="20231119 22:20:12.619" endtime="20231119 22:20:12.704"/>
</kw>
<status status="PASS" starttime="20231119 22:20:12.619" endtime="20231119 22:20:12.704"/>
</kw>
<kw name="Set Password">
<arg>12345</arg>
<kw name="Input Password" library="SeleniumLibrary">
<arg>password</arg>
<arg>${password}</arg>
<doc>Types the given password into the text field identified by ``locator``.</doc>
<msg timestamp="20231119 22:20:12.707" level="INFO">Typing password into text field 'password'.</msg>
<msg timestamp="20231119 22:20:12.743" level="INFO">Temporally setting log level to: NONE</msg>
<msg timestamp="20231119 22:20:12.783" level="INFO">Log level changed from NONE to INFO.</msg>
<status status="PASS" starttime="20231119 22:20:12.706" endtime="20231119 22:20:12.783"/>
</kw>
<status status="PASS" starttime="20231119 22:20:12.705" endtime="20231119 22:20:12.783"/>
</kw>
<kw name="Submit Login Credentials" library="login_resource">
<kw name="Click Button" library="SeleniumLibrary">
<arg>Login</arg>
<doc>Clicks the button identified by ``locator``.</doc>
<msg timestamp="20231119 22:20:12.785" level="INFO">Clicking button 'Login'.</msg>
<status status="PASS" starttime="20231119 22:20:12.784" endtime="20231119 22:20:13.151"/>
</kw>
<status status="PASS" starttime="20231119 22:20:12.784" endtime="20231119 22:20:13.151"/>
</kw>
<kw name="Login Should Fail With Message" library="login_resource">
<arg>Invalid username or password</arg>
<kw name="Login Page Should Be Open" library="resource">
<kw name="Title Should Be" library="SeleniumLibrary">
<arg>Login</arg>
<doc>Verifies that the current page title equals ``title``.</doc>
<msg timestamp="20231119 22:20:13.160" level="INFO">Page title is 'Login'.</msg>
<status status="PASS" starttime="20231119 22:20:13.152" endtime="20231119 22:20:13.160"/>
</kw>
<status status="PASS" starttime="20231119 22:20:13.152" endtime="20231119 22:20:13.160"/>
</kw>
<kw name="Page Should Contain" library="SeleniumLibrary">
<arg>${message}</arg>
<doc>Verifies that current page contains ``text``.</doc>
<msg timestamp="20231119 22:20:13.177" level="INFO">Current page contains text 'Invalid username or password'.</msg>
<status status="PASS" starttime="20231119 22:20:13.160" endtime="20231119 22:20:13.177"/>
</kw>
<status status="PASS" starttime="20231119 22:20:13.152" endtime="20231119 22:20:13.177"/>
</kw>
<status status="PASS" starttime="20231119 22:20:10.854" endtime="20231119 22:20:13.178"/>
</test>
<kw name="Close Browser" library="SeleniumLibrary" type="TEARDOWN">
<doc>Closes the current browser.</doc>
<status status="PASS" starttime="20231119 22:20:13.179" endtime="20231119 22:20:15.272"/>
</kw>
<status status="PASS" starttime="20231119 22:20:03.294" endtime="20231119 22:20:15.272"/>
</suite>
<status status="PASS" starttime="20231119 22:19:31.422" endtime="20231119 22:20:15.277"/>
</suite>
<statistics>
<total>
<stat pass="11" fail="0" skip="0">All Tests</stat>
</total>
<tag>
</tag>
<suite>
<stat pass="11" fail="0" skip="0" id="s1" name="Tests">Tests</stat>
<stat pass="2" fail="0" skip="0" id="s1-s1" name="Home">Tests.Home</stat>
<stat pass="3" fail="0" skip="0" id="s1-s2" name="Login">Tests.Login</stat>
<stat pass="6" fail="0" skip="0" id="s1-s3" name="Register">Tests.Register</stat>
</suite>
</statistics>
<errors>
</errors>
</robot>
