<?xml version="1.0" encoding="UTF-8"?>
<robot generator="Robot 6.1.1 (Python 3.10.5 on win32)" generated="20231119 15:19:23.851" rpa="false" schemaversion="4">
<suite id="s1" name="Tests" source="C:\Users\Tommi\KouluKoodi\palautusrepositorio\viikko3\login-robot\src\tests">
<suite id="s1-s1" name="Login" source="C:\Users\Tommi\KouluKoodi\palautusrepositorio\viikko3\login-robot\src\tests\login.robot">
<test id="s1-s1-t1" name="Login With Correct Credentials" line="6">
<kw name="Create User And Input Login Command" type="SETUP">
<kw name="Create User" library="AppLibrary">
<arg>kalle</arg>
<arg>kalle123</arg>
<status status="PASS" starttime="20231119 15:19:23.901" endtime="20231119 15:19:23.902"/>
</kw>
<kw name="Input Login Command" library="resource">
<kw name="Input" library="AppLibrary">
<arg>login</arg>
<status status="PASS" starttime="20231119 15:19:23.902" endtime="20231119 15:19:23.902"/>
</kw>
<status status="PASS" starttime="20231119 15:19:23.902" endtime="20231119 15:19:23.902"/>
</kw>
<status status="PASS" starttime="20231119 15:19:23.901" endtime="20231119 15:19:23.902"/>
</kw>
<kw name="Input Credentials" library="resource">
<arg>kalle</arg>
<arg>kalle123</arg>
<kw name="Input" library="AppLibrary">
<arg>${username}</arg>
<status status="PASS" starttime="20231119 15:19:23.903" endtime="20231119 15:19:23.903"/>
</kw>
<kw name="Input" library="AppLibrary">
<arg>${password}</arg>
<status status="PASS" starttime="20231119 15:19:23.903" endtime="20231119 15:19:23.903"/>
</kw>
<kw name="Run Application" library="AppLibrary">
<status status="PASS" starttime="20231119 15:19:23.903" endtime="20231119 15:19:23.903"/>
</kw>
<status status="PASS" starttime="20231119 15:19:23.902" endtime="20231119 15:19:23.903"/>
</kw>
<kw name="Output Should Contain" library="AppLibrary">
<arg>Logged in</arg>
<status status="PASS" starttime="20231119 15:19:23.904" endtime="20231119 15:19:23.904"/>
</kw>
<status status="PASS" starttime="20231119 15:19:23.901" endtime="20231119 15:19:23.904"/>
</test>
<test id="s1-s1-t2" name="Login With Incorrect Password" line="10">
<kw name="Create User And Input Login Command" type="SETUP">
<kw name="Create User" library="AppLibrary">
<arg>kalle</arg>
<arg>kalle123</arg>
<status status="PASS" starttime="20231119 15:19:23.906" endtime="20231119 15:19:23.906"/>
</kw>
<kw name="Input Login Command" library="resource">
<kw name="Input" library="AppLibrary">
<arg>login</arg>
<status status="PASS" starttime="20231119 15:19:23.907" endtime="20231119 15:19:23.907"/>
</kw>
<status status="PASS" starttime="20231119 15:19:23.906" endtime="20231119 15:19:23.907"/>
</kw>
<status status="PASS" starttime="20231119 15:19:23.906" endtime="20231119 15:19:23.907"/>
</kw>
<kw name="Input Credentials" library="resource">
<arg>kalle</arg>
<arg>kalle122</arg>
<kw name="Input" library="AppLibrary">
<arg>${username}</arg>
<status status="PASS" starttime="20231119 15:19:23.907" endtime="20231119 15:19:23.907"/>
</kw>
<kw name="Input" library="AppLibrary">
<arg>${password}</arg>
<status status="PASS" starttime="20231119 15:19:23.908" endtime="20231119 15:19:23.908"/>
</kw>
<kw name="Run Application" library="AppLibrary">
<status status="PASS" starttime="20231119 15:19:23.908" endtime="20231119 15:19:23.908"/>
</kw>
<status status="PASS" starttime="20231119 15:19:23.907" endtime="20231119 15:19:23.908"/>
</kw>
<kw name="Output Should Contain" library="AppLibrary">
<arg>Invalid username or password</arg>
<status status="PASS" starttime="20231119 15:19:23.908" endtime="20231119 15:19:23.908"/>
</kw>
<status status="PASS" starttime="20231119 15:19:23.905" endtime="20231119 15:19:23.909"/>
</test>
<test id="s1-s1-t3" name="Login With Nonexistent Username" line="14">
<kw name="Create User And Input Login Command" type="SETUP">
<kw name="Create User" library="AppLibrary">
<arg>kalle</arg>
<arg>kalle123</arg>
<status status="PASS" starttime="20231119 15:19:23.912" endtime="20231119 15:19:23.912"/>
</kw>
<kw name="Input Login Command" library="resource">
<kw name="Input" library="AppLibrary">
<arg>login</arg>
<status status="PASS" starttime="20231119 15:19:23.912" endtime="20231119 15:19:23.913"/>
</kw>
<status status="PASS" starttime="20231119 15:19:23.912" endtime="20231119 15:19:23.913"/>
</kw>
<status status="PASS" starttime="20231119 15:19:23.912" endtime="20231119 15:19:23.913"/>
</kw>
<kw name="Input Credentials" library="resource">
<arg>kallo</arg>
<arg>kalle123</arg>
<kw name="Input" library="AppLibrary">
<arg>${username}</arg>
<status status="PASS" starttime="20231119 15:19:23.914" endtime="20231119 15:19:23.915"/>
</kw>
<kw name="Input" library="AppLibrary">
<arg>${password}</arg>
<status status="PASS" starttime="20231119 15:19:23.915" endtime="20231119 15:19:23.915"/>
</kw>
<kw name="Run Application" library="AppLibrary">
<status status="PASS" starttime="20231119 15:19:23.915" endtime="20231119 15:19:23.915"/>
</kw>
<status status="PASS" starttime="20231119 15:19:23.914" endtime="20231119 15:19:23.915"/>
</kw>
<kw name="Output Should Contain" library="AppLibrary">
<arg>Invalid username or password</arg>
<status status="PASS" starttime="20231119 15:19:23.915" endtime="20231119 15:19:23.915"/>
</kw>
<status status="PASS" starttime="20231119 15:19:23.911" endtime="20231119 15:19:23.916"/>
</test>
<status status="PASS" starttime="20231119 15:19:23.883" endtime="20231119 15:19:23.917"/>
</suite>
<status status="PASS" starttime="20231119 15:19:23.854" endtime="20231119 15:19:23.919"/>
</suite>
<statistics>
<total>
<stat pass="3" fail="0" skip="0">All Tests</stat>
</total>
<tag>
</tag>
<suite>
<stat pass="3" fail="0" skip="0" id="s1" name="Tests">Tests</stat>
<stat pass="3" fail="0" skip="0" id="s1-s1" name="Login">Tests.Login</stat>
</suite>
</statistics>
<errors>
</errors>
</robot>
